------Start of DE processing------ = [7/7/23 20:36:11:200 CEST]
Exception = java.lang.NoClassDefFoundError
Source = com.ibm.ws.container.service.state.internal.ApplicationStateManager
probeid = 59
Stack Dump = java.lang.NoClassDefFoundError: javax.ejb.NoMoreTimeoutsException
	at com.ibm.ws.ejbcontainer.osgi.internal.EJBRuntimeImpl.removeTimers(EJBRuntimeImpl.java:732)
	at com.ibm.ejs.csi.EJBApplicationMetaData.beginStopping(EJBApplicationMetaData.java:1161)
	at com.ibm.ejs.csi.EJBApplicationMetaData.stopping(EJBApplicationMetaData.java:1229)
	at com.ibm.ws.ejbcontainer.osgi.internal.EJBRuntimeImpl.applicationStopping(EJBRuntimeImpl.java:1660)
	at com.ibm.ws.container.service.state.internal.ApplicationStateManager.fireStopping(ApplicationStateManager.java:58)
	at com.ibm.ws.container.service.state.internal.StateChangeServiceImpl.fireApplicationStopping(StateChangeServiceImpl.java:60)
	at com.ibm.ws.app.manager.module.internal.SimpleDeployedAppInfoBase.uninstallApp(SimpleDeployedAppInfoBase.java:484)
	at com.ibm.ws.app.manager.ear.internal.EARApplicationHandlerImpl.uninstall(EARApplicationHandlerImpl.java:97)
	at com.ibm.ws.app.manager.internal.statemachine.StopAction.execute(StopAction.java:83)
	at com.ibm.ws.app.manager.internal.statemachine.ApplicationStateMachineImpl.enterState(ApplicationStateMachineImpl.java:1283)
	at com.ibm.ws.app.manager.internal.statemachine.ApplicationStateMachineImpl.performAction(ApplicationStateMachineImpl.java:1126)
	at com.ibm.ws.app.manager.internal.statemachine.ApplicationStateMachineImpl.run(ApplicationStateMachineImpl.java:881)
	at com.ibm.ws.threading.internal.ExecutorServiceImpl$RunnableWrapper.run(ExecutorServiceImpl.java:232)
	at java.util.concurrent.ThreadPoolExecutor.runWorker(ThreadPoolExecutor.java:1160)
	at java.util.concurrent.ThreadPoolExecutor$Worker.run(ThreadPoolExecutor.java:635)
	at java.lang.Thread.run(Thread.java:825)
Caused by: java.lang.ClassNotFoundException: javax.ejb.NoMoreTimeoutsException cannot be found by com.ibm.ws.ejbcontainer_1.0.23.cl180420181121-0300
	at org.eclipse.osgi.internal.loader.BundleLoader.findClassInternal(BundleLoader.java:433)
	at org.eclipse.osgi.internal.loader.BundleLoader.findClass(BundleLoader.java:395)
	at org.eclipse.osgi.internal.loader.BundleLoader.findClass(BundleLoader.java:387)
	at org.eclipse.osgi.internal.loader.ModuleClassLoader.loadClass(ModuleClassLoader.java:150)
	at java.lang.ClassLoader.loadClass(ClassLoader.java:876)
	... 16 more

Dump of callerThis
Object type = com.ibm.ws.container.service.state.internal.ApplicationStateManager
  serialVersionUID = -6685368059484454124
  $$$tc$$$ = class com.ibm.websphere.ras.TraceComponent@717f2f5f
    strings[0] = "TraceComponent[com.ibm.ws.container.service.state.internal.ApplicationStateManager,class com.ibm.ws.container.service.state.internal.ApplicationStateManager,[Runtime],,null]"
  listeners = class com.ibm.wsspi.kernel.service.utils.ConcurrentServiceReferenceSet@10f84a6f
    referenceName = "applicationStateListeners"
    contextRef = class java.util.concurrent.atomic.AtomicReference@ab72ced8
      serialVersionUID = -1848883965231344442
      unsafe = class sun.misc.Unsafe@15b1f51a
      valueOffset = 8
      value = class org.apache.felix.scr.impl.manager.ComponentContextImpl@9823baeb
    elementMap = class java.util.LinkedHashMap@4cda1c52
      serialVersionUID = 3801124242820219131
      head = class java.util.LinkedHashMap$Entry@b21acab4
      tail = class java.util.LinkedHashMap$Entry@2fd4cfdf
      accessOrder = false
      serialVersionUID = 362498820763181265
      DEFAULT_INITIAL_CAPACITY = 16
      MAXIMUM_CAPACITY = 1073741824
      DEFAULT_LOAD_FACTOR = 0.75
      TREEIFY_THRESHOLD = 8
      UNTREEIFY_THRESHOLD = 6
      MIN_TREEIFY_CAPACITY = 64
      table = class java.util.HashMap$Node[16]
      entrySet = null
      size = 10
      modCount = 12
      threshold = 12
      loadFactor = 0.75
      keySet = null
      values = null
    elementSet = class java.util.concurrent.ConcurrentSkipListSet@4abd34f7
      serialVersionUID = -2479143111061671589
      m = class java.util.concurrent.ConcurrentSkipListMap@be9e1f3b
      UNSAFE = class sun.misc.Unsafe@15b1f51a
      mapOffset = 8
      MAX_ARRAY_SIZE = 2147483639
    elementSetUnsorted = false
    serialVersionUID = 756240983881166148
    $$$tc$$$ = class com.ibm.websphere.ras.TraceComponent@942d39ec
      strings[0] = "TraceComponent[com.ibm.wsspi.kernel.service.utils.ConcurrentServiceReferenceSet,class com.ibm.wsspi.kernel.service.utils.ConcurrentServiceReferenceSet,[kernelUtils],com.ibm.ws.kernel.service.utils.resources.ServiceMessages,null]"
  serialVersionUID = 2284273176985484160
  $$$tc$$$ = class com.ibm.websphere.ras.TraceComponent@303952c7
    strings[0] = "TraceComponent[com.ibm.ws.container.service.state.internal.StateChangeManager,class com.ibm.ws.container.service.state.internal.StateChangeManager,[Runtime],,null]"

Dump of objectArray[0]
Object type = com.ibm.ws.container.service.app.deploy.internal.EARApplicationInfoImpl
  libDirContainer = null
  appClassLoaderFactory = class com.ibm.ws.app.manager.ear.internal.EARDeployedAppInfo@2a3a3074
    Failed to resolve fields for com.ibm.ws.app.manager.ear.internal.EARDeployedAppInfo = "java.lang.NoClassDefFoundError: com.ibm.ws.app.manager.ear.internal.EARDeployedAppInfo$EARLibDeploymentInfo
	at java.lang.Class.getDeclaredFields(Class.java:907)
	at com.ibm.ws.logging.internal.impl.IntrospectionLevelMember$2.run(IntrospectionLevelMember.java:314)
	at com.ibm.ws.logging.internal.impl.IntrospectionLevelMember$2.run(IntrospectionLevelMember.java:310)
	at java.security.AccessController.doPrivileged(AccessController.java:691)
	at com.ibm.ws.logging.internal.impl.IntrospectionLevelMember.getFields(IntrospectionLevelMember.java:310)
	at com.ibm.ws.logging.internal.impl.IntrospectionLevelMember.introspectViaReflection(IntrospectionLevelMember.java:199)
	at com.ibm.ws.logging.internal.impl.IntrospectionLevelMember.getChildren(IntrospectionLevelMember.java:163)
	at com.ibm.ws.logging.internal.impl.IntrospectionLevel.getNextLevel(IntrospectionLevel.java:100)
	at com.ibm.ws.logging.internal.impl.IncidentStreamImpl.introspect(IncidentStreamImpl.java:437)
	at com.ibm.ws.logging.internal.impl.IncidentStreamImpl.introspectAndWrite(IncidentStreamImpl.java:129)
	at com.ibm.ws.logging.internal.impl.IncidentStreamImpl.introspectAndWriteLine(IncidentStreamImpl.java:164)
	at com.ibm.ws.logging.internal.impl.IncidentLogger.logIncident(IncidentLogger.java:102)
	at com.ibm.ws.logging.internal.impl.IncidentLogger.logIncident(IncidentLogger.java:35)
	at com.ibm.ws.logging.internal.impl.IncidentImpl.log(IncidentImpl.java:249)
	at com.ibm.ws.logging.internal.impl.BaseFFDCService.log(BaseFFDCService.java:239)
	at com.ibm.ws.logging.internal.impl.BaseFFDCService.processException(BaseFFDCService.java:216)
	at com.ibm.ws.ffdc.FFDCFilter.processException(FFDCFilter.java:94)
	at com.ibm.ws.container.service.state.internal.ApplicationStateManager.fireStopping(ApplicationStateManager.java:59)
	at com.ibm.ws.container.service.state.internal.StateChangeServiceImpl.fireApplicationStopping(StateChangeServiceImpl.java:60)
	at com.ibm.ws.app.manager.module.internal.SimpleDeployedAppInfoBase.uninstallApp(SimpleDeployedAppInfoBase.java:484)
	at com.ibm.ws.app.manager.ear.internal.EARApplicationHandlerImpl.uninstall(EARApplicationHandlerImpl.java:97)
	at com.ibm.ws.app.manager.internal.statemachine.StopAction.execute(StopAction.java:83)
	at com.ibm.ws.app.manager.internal.statemachine.ApplicationStateMachineImpl.enterState(ApplicationStateMachineImpl.java:1283)
	at com.ibm.ws.app.manager.internal.statemachine.ApplicationStateMachineImpl.performAction(ApplicationStateMachineImpl.java:1126)
	at com.ibm.ws.app.manager.internal.statemachine.ApplicationStateMachineImpl.run(ApplicationStateMachineImpl.java:881)
	at com.ibm.ws.threading.internal.ExecutorServiceImpl$RunnableWrapper.run(ExecutorServiceImpl.java:232)
	at java.util.concurrent.ThreadPoolExecutor.runWorker(ThreadPoolExecutor.java:1160)
	at java.util.concurrent.ThreadPoolExecutor$Worker.run(ThreadPoolExecutor.java:635)
	at java.lang.Thread.run(Thread.java:825)
Caused by: java.lang.ClassNotFoundException: com.ibm.ws.app.manager.ear.internal.EARDeployedAppInfo$EARLibDeploymentInfo cannot be found by com.ibm.ws.app.manager.war_1.0.23.cl180420181121-0300
	at org.eclipse.osgi.internal.loader.BundleLoader.findClassInternal(BundleLoader.java:484)
	at org.eclipse.osgi.internal.loader.BundleLoader.findClass(BundleLoader.java:395)
	at org.eclipse.osgi.internal.loader.BundleLoader.findClass(BundleLoader.java:387)
	at org.eclipse.osgi.internal.loader.ModuleClassLoader.loadClass(ModuleClassLoader.java:150)
	at java.lang.ClassLoader.loadClass(ClassLoader.java:876)
	at java.lang.Class.getDeclaredFieldsImpl(Native Method)
	... 29 more
"
    _tc = class com.ibm.websphere.ras.TraceComponent@5f18b819
      strings[0] = "TraceComponent[com.ibm.ws.app.manager.module.internal.DeployedAppInfoBase,class com.ibm.ws.app.manager.module.internal.DeployedAppInfoBase,[app.manager],com.ibm.ws.app.manager.module.internal.resources.Messages,null]"
    PERMISSION_XML = "permissions.xml"
    applicationInformation = class com.ibm.ws.app.manager.internal.ApplicationInstallInfo@4116b9df
    location = "/home/ibmdemo/m2m-ws-sample/defaultapplication/monolith/DefaultApplication-ear/target/liberty/wlp/usr/servers/DefaultApplicationServer/apps/DefaultApplication.ear"
    classLoadingService = class com.ibm.ws.classloading.internal.ClassLoadingServiceImpl@2e588dc1
      tc = class com.ibm.websphere.ras.TraceComponent@2580894a
      leakDetectionMap = class java.util.HashMap@b638f6bf
      TCCL_LOCK_WAIT = 15000
      REFERENCE_GENERATORS = "generators"
      bundleContext = class org.eclipse.osgi.internal.framework.BundleContextImpl@cc22801f
      aclStore = class com.ibm.ws.classloading.internal.util.CanonicalStore@ea5503b4
      tcclStore = class com.ibm.ws.classloading.internal.util.CanonicalStore@43556322
      tcclStoreLock = class java.util.concurrent.locks.ReentrantLock@48b7de3f
      digraph = class org.eclipse.equinox.internal.region.StandardRegionDigraph@fea2139a
      redefiner = class com.ibm.ws.classloading.internal.util.ClassRedefiner@a7b7a11
      listener = class com.ibm.ws.classloading.internal.ClassLoadingServiceImpl$1@5c38ef88
      classloaders = class java.util.Collections$SynchronizedMap@8fe15b14
      resourceProviders = class com.ibm.ws.classloading.internal.CompositeResourceProvider@f2c73620
      rememberedBundles = class java.util.concurrent.ConcurrentHashMap@4d6c5151
      collectedBundles = class java.lang.ref.ReferenceQueue@793bd897
      generatorRefs = class com.ibm.wsspi.kernel.service.utils.ConcurrentServiceReferenceSet@5e518000
      generatorManager = class com.ibm.ws.classloading.internal.ClassGeneratorManager@58a44474
      appExtLibs = class java.util.concurrent.CopyOnWriteArrayList@9e7e2c18
      metaInfServicesProviders = class java.util.concurrent.ConcurrentHashMap@5392dc03
      metaInfServicesRefs = class com.ibm.wsspi.kernel.service.utils.ConcurrentServiceReferenceMap@a5958593
      protectionDomainMap = class java.util.HashMap@66abd9cd
      metadataIdentifierService = class com.ibm.ws.container.service.metadata.internal.MetaDataServiceImpl@b105d4d1
      globalSharedLibrary = class java.util.concurrent.atomic.AtomicReference@e41a61b0
      serialVersionUID = -1838778944052667322
    globalSharedLibrary = class com.ibm.ws.library.internal.SharedLibraryImpl@38c34a00
      tc = class com.ibm.websphere.ras.TraceComponent@8097e4a8
      EMPTY_LIBRARY_LISTENERS = interface com.ibm.wsspi.library.LibraryChangeListener[0]
      deleted = false
      libraryListenersTracker = class org.osgi.util.tracker.ServiceTracker@df41cd59
      libraryReg = class org.eclipse.osgi.internal.serviceregistry.ServiceRegistrationImpl@87116eb4
      ctx = class org.eclipse.osgi.internal.framework.BundleContextImpl@cc22801f
      classLoadingService = class com.ibm.ws.classloading.internal.ClassLoadingServiceImpl@2e588dc1
      configAdmin = class com.ibm.ws.config.admin.internal.ConfigurationAdminImpl@28161c87
      resolvedBasePath = "/home/ibmdemo/m2m-ws-sample/defaultapplication/monolith/DefaultApplication-ear/target/liberty/wlp/usr/servers/DefaultApplicationServer/"
      generationLock = class com.ibm.ws.library.internal.SharedLibraryImpl$1@21e40467
      currentGeneration = class com.ibm.ws.library.internal.LibraryGeneration@a5eeeeb4
      nextGeneration = class com.ibm.ws.library.internal.LibraryGeneration@a5eeeeb4
      artifactContainerFactory = class com.ibm.ws.library.internal.SharedLibraryFactory$1@52fce66c
      packageExporter = class com.ibm.ws.library.internal.LibraryPackageExporter@18097c6a
      serialVersionUID = 6288237618632180389
    sharedLibDeploymentInfo = class com.ibm.ws.app.manager.module.internal.DeployedAppInfoBase$SharedLibDeploymentInfo@348a9585
      bundleContext = class org.eclipse.osgi.internal.framework.BundleContextImpl@6ae700df
      locAdmin = class com.ibm.ws.kernel.service.location.internal.WsLocationAdminImpl@b395b299
      artifactFactory = class com.ibm.ws.artifact.internal.ArtifactContainerFactoryService@ed409685
      moduleFactory = class com.ibm.ws.adaptable.module.internal.AdaptableModuleFactoryImpl@794bc4b3
      classesContainerInfo = class java.util.ArrayList@81733573
      serialVersionUID = -9033256786848720484
      $$$tc$$$ = class com.ibm.websphere.ras.TraceComponent@e3fdb3cc
    futureMonitor = class com.ibm.ws.threading.internal.FutureMonitorImpl@e3d2811d
      _monitor = class java.util.concurrent.ConcurrentLinkedQueue@d6a30733
      _executor = class com.ibm.ws.threading.internal.ScheduledExecutorImpl@449fb596
      _threadRunning = class java.util.concurrent.atomic.AtomicBoolean@a4c266b1
      _thread = class com.ibm.ws.threading.internal.FutureMonitorImpl$1@53eac0af
      serialVersionUID = 2765238413969174390
      $$$tc$$$ = class com.ibm.websphere.ras.TraceComponent@1f319c8d
    configAdmin = class com.ibm.ws.config.admin.internal.ConfigurationAdminImpl@7a71b4d4
      tc = class com.ibm.websphere.ras.TraceComponent@a33bc424
      bundle = class org.eclipse.osgi.internal.framework.EquinoxBundle@ddf1916
      caFactory = class com.ibm.ws.config.admin.internal.ConfigAdminServiceFactory@4455ad2f
      serialVersionUID = 3160799878770679122
    libraryConfigHelper = class com.ibm.ws.classloading.ClassLoaderConfigHelper@da0f043c
      tc = class com.ibm.websphere.ras.TraceComponent@45993160
      DEFAULT_API_TYPES = class java.util.RegularEnumSet@48345fa8
      sharedLibraries = class java.util.Collections$EmptyList@764a492
      commonLibraries = class java.util.Collections$EmptyList@764a492
      classProviders = class java.util.Collections$EmptyList@764a492
      sharedLibrariesPids = null
      commonLibrariesPids = null
      isDelegateLast = false
      apiTypes = class java.util.RegularEnumSet@48345fa8
      classLoaderConfigProps = null
      serialVersionUID = 7643888529935916418
    isDelegateLast = false
    permissionManager = class com.ibm.ws.classloading.java2sec.PermissionManager@aad818d5
      tc = class com.ibm.websphere.ras.TraceComponent@55985152
      classLoadingService = class com.ibm.ws.classloading.internal.ClassLoadingServiceImpl@2e588dc1
      DEFAULT_SERVER_RESTRICTABLE_PERMISSIONS = class java.security.Permission[4]
      DEFAULT_CLIENT_RESTRICTABLE_PERMISSIONS = class java.security.Permission[3]
      isServer = true
      wsjarUrlStreamHandlerAvailable = true
      restrictablePermissions = class java.util.ArrayList@69480336
      grantedPermissions = class java.util.ArrayList@8ae95319
      KEY_PERMISSION = "permission"
      INCORRECT_PERMISSION_CONFIGURATION = "INCORRECT_PERMISSION_CONFIGURATION"
      PERMISSION_CLASSNOTFOUND = "PERMISSION_CLASSNOTFOUND"
      SERVER_XML = "server.xml"
      CLIENT_XML = "client.xml"
      originationFile = "server.xml"
      permissions = class com.ibm.wsspi.kernel.service.utils.ConcurrentServiceReferenceSet@23c4f906
      codeBasePermissionMap = class java.util.HashMap@647ee1c5
      permissionXMLPermissionMap = class java.util.HashMap@9f8deb62
      serialVersionUID = -5043611968709568417
    permissionsConfig = null
    serialVersionUID = 5168023053972273360
    appInfo = class com.ibm.ws.container.service.app.deploy.internal.EARApplicationInfoImpl@13558407
    modulesDeployed = class java.util.ArrayList@ee65cab1
      serialVersionUID = 8683452581122892189
      DEFAULT_CAPACITY = 10
      EMPTY_ELEMENTDATA = class java.lang.Object[0]
      DEFAULTCAPACITY_EMPTY_ELEMENTDATA = class java.lang.Object[0]
      elementData = class java.lang.Object[10]
      size = 1
      MAX_ARRAY_SIZE = 2147483639
      modCount = 1
      MAX_ARRAY_SIZE = 2147483639
    starting = true
    started = true
    appInfoFactory = class com.ibm.ws.container.service.app.deploy.internal.ApplicationInfoFactoryImpl@e33d2548
      j2eeNameFactory = class com.ibm.wsspi.kernel.service.utils.AtomicServiceReference@5608dd31
      names = class java.util.HashSet@a91fa0c0
      serialVersionUID = 7443990212682384945
      $$$tc$$$ = class com.ibm.websphere.ras.TraceComponent@f5e4f2f9
    metaDataService = class com.ibm.ws.container.service.metadata.internal.MetaDataServiceImpl@b105d4d1
      applicationMetaDataManager = class com.ibm.ws.container.service.metadata.internal.ApplicationMetaDataManager@9e33cfa6
      moduleMetaDataManager = class com.ibm.ws.container.service.metadata.internal.ModuleMetaDataManager@7d09c9c0
      componentMetaDataManager = class com.ibm.ws.container.service.metadata.internal.ComponentMetaDataManager@d0fbe005
      methodMetaDataManager = class com.ibm.ws.container.service.metadata.internal.MethodMetaDataManager@e287a73b
      appModuleNameToModuleContainer = class java.util.concurrent.ConcurrentHashMap@e37ef3f7
      jeeNameToComponentMetaData = class java.util.concurrent.ConcurrentHashMap@a018c42d
      deferredMetaDataFactories = class com.ibm.wsspi.kernel.service.utils.ConcurrentServiceReferenceSet@35a2fe65
      deferredMetaDataInitializers = class com.ibm.wsspi.kernel.service.utils.ConcurrentServiceReferenceMap@9b0ca249
      serialVersionUID = -2494605732980966097
      $$$tc$$$ = class com.ibm.websphere.ras.TraceComponent@138655d
    stateChangeService = class com.ibm.ws.container.service.state.internal.StateChangeServiceImpl@ddff095f
      applicationStateManager = class com.ibm.ws.container.service.state.internal.ApplicationStateManager@8e3126a9
      moduleStateManager = class com.ibm.ws.container.service.state.internal.ModuleStateManager@19847de
      serialVersionUID = -537917915330350560
      $$$tc$$$ = class com.ibm.websphere.ras.TraceComponent@9fc33547
    moduleClassesInfo = class com.ibm.ws.app.manager.module.internal.SimpleDeployedAppInfoBase$ModuleClassesInfoProvider@3d113b1e
      entryContainerInfosMap = class java.util.HashMap@6d8a16fa
      serialVersionUID = -70332790531324534
      $$$tc$$$ = class com.ibm.websphere.ras.TraceComponent@526171f0
    moduleContainerInfos = class java.util.ArrayList@c9285d30
      serialVersionUID = 8683452581122892189
      DEFAULT_CAPACITY = 10
      EMPTY_ELEMENTDATA = class java.lang.Object[0]
      DEFAULTCAPACITY_EMPTY_ELEMENTDATA = class java.lang.Object[0]
      elementData = class java.lang.Object[10]
      size = 1
      MAX_ARRAY_SIZE = 2147483639
      modCount = 1
      MAX_ARRAY_SIZE = 2147483639
    activeModuleHandlers = class java.util.IdentityHashMap@84fb158
      DEFAULT_CAPACITY = 32
      MINIMUM_CAPACITY = 4
      MAXIMUM_CAPACITY = 536870912
      table = class java.lang.Object[16]
      size = 0
      modCount = 2
      NULL_KEY = class java.lang.Object@4c876393
      entrySet = null
      serialVersionUID = 8188218128353913216
      keySet = null
      values = null
    serialVersionUID = 7078125893012250887
    $$$tc$$$ = class com.ibm.websphere.ras.TraceComponent@d10c11b9
      strings[0] = "TraceComponent[com.ibm.ws.app.manager.module.internal.SimpleDeployedAppInfoBase,class com.ibm.ws.app.manager.module.internal.SimpleDeployedAppInfoBase,[applications, app.manager],,null]"
  appClassLoader = class com.ibm.ws.classloading.internal.AppClassLoader@36d84ee8
    tc = class com.ibm.websphere.ras.TraceComponent@de910d1c
      strings[0] = "TraceComponent[com.ibm.ws.classloading.internal.AppClassLoader,class com.ibm.ws.classloading.internal.AppClassLoader,[ClassLoadingService],com.ibm.ws.classloading.internal.resources.ClassLoadingServiceMessages,null]"
    PARENT_FIRST_SEARCH_ORDER = class java.util.Collections$UnmodifiableRandomAccessList@d5373f51
      serialVersionUID = -2542308836966382001
      serialVersionUID = -283967356065247728
      list = class java.util.Arrays$ArrayList@d38ab377
      serialVersionUID = 1820017752578914078
      c = class java.util.Arrays$ArrayList@d38ab377
    CLASS_LOADING_TRACE_PREFIX = "com.ibm.ws.class.load."
    DEFAULT_PACKAGE = "default.package"
    perPackageClassLoadingTraceComponents = class java.util.concurrent.ConcurrentHashMap@1b23ee13
      serialVersionUID = 7249069246763182397
      MAXIMUM_CAPACITY = 1073741824
      DEFAULT_CAPACITY = 16
      MAX_ARRAY_SIZE = 2147483639
      DEFAULT_CONCURRENCY_LEVEL = 16
      LOAD_FACTOR = 0.75
      TREEIFY_THRESHOLD = 8
      UNTREEIFY_THRESHOLD = 6
      MIN_TREEIFY_CAPACITY = 64
      MIN_TRANSFER_STRIDE = 16
      RESIZE_STAMP_BITS = 16
      MAX_RESIZERS = 65535
      RESIZE_STAMP_SHIFT = 16
      MOVED = -1
      TREEBIN = -2
      RESERVED = -3
      HASH_BITS = 2147483647
      NCPU = 4
      serialPersistentFields = class java.io.ObjectStreamField[3]
      table = null
      nextTable = null
      baseCount = 0
      sizeCtl = 0
      transferIndex = 0
      cellsBusy = 0
      counterCells = null
      keySet = null
      values = null
      entrySet = null
      U = class sun.misc.Unsafe@15b1f51a
      SIZECTL = 48
      TRANSFERINDEX = 52
      BASECOUNT = 16
      CELLSBUSY = 56
      CELLVALUE = 72
      ABASE = 16
      ASHIFT = 2
      keySet = null
      values = null
    config = class com.ibm.ws.classloading.internal.ClassLoaderConfigurationImpl@5113d8a
      DEFAULT_PROTECTION_DOMAIN = class java.security.ProtectionDomain@cfc7563
      delegateLast = false
      includeAppExtensions = false
      id = class com.ibm.ws.classloading.serializable.ClassLoaderIdentityImpl@e7cb6748
      parentId = null
      sharedLibraries = class java.util.ArrayList@41c6d239
      commonLibraries = class java.util.Collections$EmptyList@764a492
      providers = class java.util.Collections$EmptyList@764a492
      nativeLibraryContainers = class java.util.ArrayList@c999b02b
      protectionDomain = class java.security.ProtectionDomain@7407dfeb
      serialVersionUID = 9091690180200375339
      $$$tc$$$ = class com.ibm.websphere.ras.TraceComponent@5244e079
    privateLibraries = null
    delegateLoaders = class com.ibm.ws.classloading.internal.util.CompositeIterable@959e9b49
      iterables = class java.util.Arrays$ArrayList@4682207d
      serialVersionUID = -1227195994638150837
      $$$tc$$$ = class com.ibm.websphere.ras.TraceComponent@ab76151e
    nativeLibraryFiles = class java.util.ArrayList@b1d0e34d
      serialVersionUID = 8683452581122892189
      DEFAULT_CAPACITY = 10
      EMPTY_ELEMENTDATA = class java.lang.Object[0]
      DEFAULTCAPACITY_EMPTY_ELEMENTDATA = class java.lang.Object[0]
      elementData = class java.lang.Object[0]
      size = 0
      MAX_ARRAY_SIZE = 2147483639
      modCount = 0
      MAX_ARRAY_SIZE = 2147483639
    transformers = class java.util.ArrayList@40c81899
      serialVersionUID = 8683452581122892189
      DEFAULT_CAPACITY = 10
      EMPTY_ELEMENTDATA = class java.lang.Object[0]
      DEFAULTCAPACITY_EMPTY_ELEMENTDATA = class java.lang.Object[0]
      elementData = class java.lang.Object[10]
      size = 1
      MAX_ARRAY_SIZE = 2147483639
      modCount = 1
      MAX_ARRAY_SIZE = 2147483639
    apiAccess = class com.ibm.ws.classloading.internal.GatewayClassLoader@def065c8
      config = class com.ibm.ws.classloading.internal.GatewayConfigurationImpl@10ec1e4
      wiringMonitor = class com.ibm.ws.classloading.internal.GatewayClassLoader$1@d7b46773
      bundle = class org.eclipse.osgi.internal.framework.EquinoxBundle@b5ab31eb
      wiring = class org.eclipse.osgi.container.ModuleWiring@deed349c
      bundleLoader = class org.eclipse.osgi.internal.loader.EquinoxClassLoader@b9395691
      resourceProviders = class com.ibm.ws.classloading.internal.CompositeResourceProvider@f2c73620
      serialVersionUID = -4256474098847905153
      $$$tc$$$ = class com.ibm.websphere.ras.TraceComponent@f44cf21a
      defaultCodeSource = class java.security.CodeSource@cafc0c7d
      bootstrapClassLoader = class com.ibm.oti.vm.BootstrapClassLoader@4577ac99
      DELEGATING_CL = "sun.reflect.DelegatingClassLoader"
      isDelegatingCL = false
      applicationClassLoader = class sun.misc.Launcher$AppClassLoader@234a6122
      initSystemClassLoader = false
      isAssertOptionFound = false
      vmRef = 0
      parent = class sun.misc.Launcher$AppClassLoader@234a6122
      checkAssertionOptions = false
      assertionLock = class java.lang.ClassLoader$AssertionLock@c750b9e8
      defaultAssertionStatus = false
      packageAssertionStatus = null
      classAssertionStatus = null
      packages = class java.util.Hashtable@fc80d9f4
      lazyInitLock = class java.lang.ClassLoader$LazyInitLock@9d20479
      classSigners = null
      packageSigners = null
      emptyCertificates = class java.security.cert.Certificate[0]
      defaultProtectionDomain = null
      parallelCapableCollection = class java.util.Collections$SynchronizedMap@9a96ec2d
      classNameBasedLock = null
      isParallelCapable = false
      EMPTY_PACKAGE_ARRAY = class java.lang.Package[0]
      methodTypeFromMethodDescriptorStringCache = null
      allowArraySyntax = false
      lazyClassLoaderInit = true
      specialLoaderInited = true
      internalAnonClassLoader = class java.lang.InternalAnonymousClassLoader@3a44312c
    generator = class com.ibm.ws.classloading.internal.ClassGeneratorManager@58a44474
      tc = class com.ibm.websphere.ras.TraceComponent@5229f8b1
      generatorRefs = class com.ibm.wsspi.kernel.service.utils.ConcurrentServiceReferenceSet@5e518000
      serialVersionUID = 4152663586056483310
    protectionDomains = class java.util.concurrent.ConcurrentHashMap@b78f9abb
      serialVersionUID = 7249069246763182397
      MAXIMUM_CAPACITY = 1073741824
      DEFAULT_CAPACITY = 16
      MAX_ARRAY_SIZE = 2147483639
      DEFAULT_CONCURRENCY_LEVEL = 16
      LOAD_FACTOR = 0.75
      TREEIFY_THRESHOLD = 8
      UNTREEIFY_THRESHOLD = 6
      MIN_TREEIFY_CAPACITY = 64
      MIN_TRANSFER_STRIDE = 16
      RESIZE_STAMP_BITS = 16
      MAX_RESIZERS = 65535
      RESIZE_STAMP_SHIFT = 16
      MOVED = -1
      TREEBIN = -2
      RESERVED = -3
      HASH_BITS = 2147483647
      NCPU = 4
      serialPersistentFields = class java.io.ObjectStreamField[3]
      table = null
      nextTable = null
      baseCount = 0
      sizeCtl = 0
      transferIndex = 0
      cellsBusy = 0
      counterCells = null
      keySet = null
      values = null
      entrySet = null
      U = class sun.misc.Unsafe@15b1f51a
      SIZECTL = 48
      TRANSFERINDEX = 52
      BASECOUNT = 16
      CELLSBUSY = 56
      CELLVALUE = 72
      ABASE = 16
      ASHIFT = 2
      keySet = null
      values = null
    parent = class com.ibm.ws.classloading.internal.GatewayClassLoader@def065c8
    serialVersionUID = -1542993300419972783
    tc = class com.ibm.websphere.ras.TraceComponent@d9fcf6dc
      strings[0] = "TraceComponent[com.ibm.ws.classloading.internal.ContainerClassLoader,class com.ibm.ws.classloading.internal.ContainerClassLoader,[ClassLoadingService],com.ibm.ws.classloading.internal.resources.ClassLoadingServiceMessages,null]"
    smartClassPath = class com.ibm.ws.classloading.internal.ContainerClassLoader$SmartClassPathImpl@7c9a07c2
      rwLock = class java.util.concurrent.locks.ReentrantReadWriteLock@ddbc9434
      outstandingContainers = class java.util.concurrent.atomic.AtomicInteger@307060b6
      hook = class com.ibm.ws.kernel.boot.classloader.SharedClassCacheHook@d570e4c9
      usePackageMap = true
      maxLastNotFound = 250
      maxLastFound = 900
      maxLastReallyNotFound = 900
      propsInUse = false
      classPath = class java.util.concurrent.CopyOnWriteArrayList@ee6f9fe4
      MAX_LASTNOTFOUND = 250
      lastNotFound = class java.util.concurrent.CopyOnWriteArrayList@1f90a67d
      MAX_LASTFOUND = 900
      lastFoundURL = class java.util.Collections$SynchronizedMap@78d83150
      MAX_LASTREALLYNOTFOUND = 900
      lastReallyNotFoundURL = class java.util.Collections$SynchronizedMap@e9ddb79c
      packageMap = class java.util.HashMap@32231209
      containers = class java.util.Collections$SetFromMap@46906e1
      serialVersionUID = 7627500284802083121
      $$$tc$$$ = class com.ibm.websphere.ras.TraceComponent@7dc45fd9
    nativeLibraryContainers = class java.util.ArrayList@b3876f86
      serialVersionUID = 8683452581122892189
      DEFAULT_CAPACITY = 10
      EMPTY_ELEMENTDATA = class java.lang.Object[0]
      DEFAULTCAPACITY_EMPTY_ELEMENTDATA = class java.lang.Object[0]
      elementData = class java.lang.Object[0]
      size = 0
      MAX_ARRAY_SIZE = 2147483639
      modCount = 0
      MAX_ARRAY_SIZE = 2147483639
    redefiner = class com.ibm.ws.classloading.internal.util.ClassRedefiner@a7b7a11
      tc = class com.ibm.websphere.ras.TraceComponent@bd97b8ff
      LS = "
"
      inst = class com.ibm.ws.kernel.launch.internal.TraceInstrumentation@1faa2155
      serialVersionUID = 2420101865139508526
    hook = class com.ibm.ws.kernel.boot.classloader.SharedClassCacheHook@d570e4c9
      sharedClassHelperFactoryClass = class com.ibm.oti.shared.SharedClassHelperFactoryImpl@54575e36
      getURLHelperMethod = class java.lang.reflect.Method@590809ea
      findSharedClassMethod = class java.lang.reflect.Method@d7464554
      storeSharedClassMethod = class java.lang.reflect.Method@34d133a0
      sharedClassURLHelper = class com.ibm.oti.shared.SharedClassURLHelperImpl@86438f9c
    mapCreationQueue = class java.util.concurrent.Executors$FinalizableDelegatedExecutorService@e64eca83
      e = class java.util.concurrent.ThreadPoolExecutor@e973cf6
      $assertionsDisabled = true
    serialVersionUID = -5001410721240711
    serialVersionUID = -7411549862368381758
    $$$tc$$$ = class com.ibm.websphere.ras.TraceComponent@4411337a
      strings[0] = "TraceComponent[com.ibm.ws.classloading.internal.IdentifiedLoader,class com.ibm.ws.classloading.internal.IdentifiedLoader,[ClassLoadingService],com.ibm.ws.classloading.internal.resources.ClassLoadingServiceMessages,null]"
    serialVersionUID = -4868702105808481416
    $$$tc$$$ = class com.ibm.websphere.ras.TraceComponent@6d68ea42
      strings[0] = "TraceComponent[com.ibm.ws.classloading.internal.LibertyLoader,class com.ibm.ws.classloading.internal.LibertyLoader,[ClassLoadingService],com.ibm.ws.classloading.internal.resources.ClassLoadingServiceMessages,null]"
    serialVersionUID = 2596921220292114344
    $$$tc$$$ = class com.ibm.websphere.ras.TraceComponent@390e6267
      strings[0] = "TraceComponent[com.ibm.ws.classloading.LibertyClassLoader,class com.ibm.ws.classloading.LibertyClassLoader,[ClassLoadingService],com.ibm.ws.classloading.internal.resources.ClassLoadingServiceMessages,null]"
    initialized = true
    pdcache = class java.util.HashMap@f0c64df6
      serialVersionUID = 362498820763181265
      DEFAULT_INITIAL_CAPACITY = 16
      MAXIMUM_CAPACITY = 1073741824
      DEFAULT_LOAD_FACTOR = 0.75
      TREEIFY_THRESHOLD = 8
      UNTREEIFY_THRESHOLD = 6
      MIN_TREEIFY_CAPACITY = 64
      table = null
      entrySet = null
      size = 0
      modCount = 0
      threshold = 16
      loadFactor = 0.75
      keySet = null
      values = null
    debug = null
    defaultCodeSource = class java.security.CodeSource@cafc0c7d
      serialVersionUID = 4977541819976013951
      location = null
      signers = null
      certs = null
      sp = null
      factory = null
    bootstrapClassLoader = class com.ibm.oti.vm.BootstrapClassLoader@4577ac99
      singleton = class com.ibm.oti.vm.BootstrapClassLoader@4577ac99
      appendToClassPathForInstrumentationMethod = null
      initAppendMethod = true
      systemClassLoader = class com.ibm.oti.vm.BootstrapClassLoader@4577ac99
      parsedPath = class java.lang.String[21]
      types = {2,2,2,2,2,2,2,2,2,2,2,2,2,2,2,2,2,2,2,2,2} /* array length = 21 */
      cache = class java.lang.Object[21]
      cacheLock = class com.ibm.oti.vm.AbstractClassLoader$CacheLock@10338f38
      permissions = null
      resourceCacheRef = class java.lang.ref.SoftReference@6045a47
      urlJarStreamHandler = class sun.net.www.protocol.jar.Handler@676294fe
      urlFileStreamHandler = class sun.net.www.protocol.file.Handler@d2342009
      defaultCodeSource = class java.security.CodeSource@cafc0c7d
      bootstrapClassLoader = class com.ibm.oti.vm.BootstrapClassLoader@4577ac99
      DELEGATING_CL = "sun.reflect.DelegatingClassLoader"
      isDelegatingCL = false
      applicationClassLoader = class sun.misc.Launcher$AppClassLoader@234a6122
      initSystemClassLoader = false
      isAssertOptionFound = false
      vmRef = 140547839488056
      parent = null
      checkAssertionOptions = false
      assertionLock = class java.lang.ClassLoader$AssertionLock@61e85d8f
      defaultAssertionStatus = false
      packageAssertionStatus = null
      classAssertionStatus = null
      packages = class java.util.Hashtable@dc9c6220
      lazyInitLock = class java.lang.ClassLoader$LazyInitLock@a11681e8
      classSigners = null
      packageSigners = null
      emptyCertificates = class java.security.cert.Certificate[0]
      defaultProtectionDomain = null
      parallelCapableCollection = class java.util.Collections$SynchronizedMap@9a96ec2d
      classNameBasedLock = null
      isParallelCapable = false
      EMPTY_PACKAGE_ARRAY = class java.lang.Package[0]
      methodTypeFromMethodDescriptorStringCache = class java.util.concurrent.ConcurrentHashMap@2e6a80d1
      allowArraySyntax = false
      lazyClassLoaderInit = true
      specialLoaderInited = true
      internalAnonClassLoader = class java.lang.InternalAnonymousClassLoader@3a44312c
    DELEGATING_CL = "sun.reflect.DelegatingClassLoader"
    isDelegatingCL = false
    applicationClassLoader = class sun.misc.Launcher$AppClassLoader@234a6122
      $assertionsDisabled = true
      ucp = class sun.misc.URLClassPath@50c2a8ae
      acc = class java.security.AccessControlContext@d2ebd0d4
      sharedClassURLClasspathHelper = class com.ibm.oti.shared.SharedClassURLClasspathHelperImpl@92fe0a2d
      sharedClassMetaDataCache = class java.net.URLClassLoader$SharedClassMetaDataCache@2077d310
      closeables = class java.util.WeakHashMap@4e7982ff
      showClassLoadingFor = class java.util.Vector@ffa38b96
      showLoadingMessages = false
      showClassLoadingProperty = "ibm.cl.verbose"
      initialized = true
      pdcache = class java.util.HashMap@6dec99e0
      debug = null
      defaultCodeSource = class java.security.CodeSource@cafc0c7d
      bootstrapClassLoader = class com.ibm.oti.vm.BootstrapClassLoader@4577ac99
      DELEGATING_CL = "sun.reflect.DelegatingClassLoader"
      isDelegatingCL = false
      applicationClassLoader = class sun.misc.Launcher$AppClassLoader@234a6122
      initSystemClassLoader = false
      isAssertOptionFound = false
      vmRef = 140547839488872
      parent = class sun.misc.Launcher$ExtClassLoader@5f2e38d1
      checkAssertionOptions = false
      assertionLock = class java.lang.ClassLoader$AssertionLock@1253f6b0
      defaultAssertionStatus = false
      packageAssertionStatus = null
      classAssertionStatus = null
      packages = class java.util.Hashtable@48f05262
      lazyInitLock = class java.lang.ClassLoader$LazyInitLock@a32714e
      classSigners = null
      packageSigners = class java.util.Hashtable@3f77b692
      emptyCertificates = class java.security.cert.Certificate[0]
      defaultProtectionDomain = null
      parallelCapableCollection = class java.util.Collections$SynchronizedMap@9a96ec2d
      classNameBasedLock = class java.util.Hashtable@6e8302ab
      isParallelCapable = true
      EMPTY_PACKAGE_ARRAY = class java.lang.Package[0]
      methodTypeFromMethodDescriptorStringCache = null
      allowArraySyntax = false
      lazyClassLoaderInit = true
      specialLoaderInited = true
      internalAnonClassLoader = class java.lang.InternalAnonymousClassLoader@3a44312c
    initSystemClassLoader = false
    isAssertOptionFound = false
    vmRef = 140545581481192
    parent = class com.ibm.ws.classloading.internal.GatewayClassLoader@def065c8
    checkAssertionOptions = false
    assertionLock = class java.lang.ClassLoader$AssertionLock@ab692625
    defaultAssertionStatus = false
    packageAssertionStatus = null
    classAssertionStatus = null
    packages = class java.util.Hashtable@53ed1020
      EMPTY_TABLE = class java.util.Hashtable$Entry[0]
      table = class java.util.Hashtable$Entry[0]
      count = 0
      threshold = 11
      loadFactor = 0.75
      modCount = 0
      serialVersionUID = 1421746759512286392
      MAX_ARRAY_SIZE = 2147483639
      keySet = null
      entrySet = null
      values = null
      KEYS = 0
      VALUES = 1
      ENTRIES = 2
    lazyInitLock = class java.lang.ClassLoader$LazyInitLock@96be1190
    classSigners = null
    packageSigners = null
    emptyCertificates = class java.security.cert.Certificate[0]
    defaultProtectionDomain = null
    parallelCapableCollection = class java.util.Collections$SynchronizedMap@9a96ec2d
      serialVersionUID = 1978198479659022715
      m = class java.util.WeakHashMap@d5d0b96f
      mutex = class java.util.Collections$SynchronizedMap@9a96ec2d
      keySet = null
      entrySet = null
      values = null
    classNameBasedLock = null
    isParallelCapable = false
    EMPTY_PACKAGE_ARRAY = class java.lang.Package[0]
    methodTypeFromMethodDescriptorStringCache = null
    allowArraySyntax = false
    lazyClassLoaderInit = true
    specialLoaderInited = true
    internalAnonClassLoader = class java.lang.InternalAnonymousClassLoader@3a44312c
      defaultCodeSource = class java.security.CodeSource@cafc0c7d
      bootstrapClassLoader = class com.ibm.oti.vm.BootstrapClassLoader@4577ac99
      DELEGATING_CL = "sun.reflect.DelegatingClassLoader"
      isDelegatingCL = false
      applicationClassLoader = class sun.misc.Launcher$AppClassLoader@234a6122
      initSystemClassLoader = false
      isAssertOptionFound = false
      vmRef = 140547839488328
      parent = null
      checkAssertionOptions = false
      assertionLock = class java.lang.ClassLoader$AssertionLock@dfa9cefd
      defaultAssertionStatus = false
      packageAssertionStatus = null
      classAssertionStatus = null
      packages = class java.util.Hashtable@9f861767
      lazyInitLock = class java.lang.ClassLoader$LazyInitLock@b92dcac4
      classSigners = null
      packageSigners = null
      emptyCertificates = class java.security.cert.Certificate[0]
      defaultProtectionDomain = null
      parallelCapableCollection = class java.util.Collections$SynchronizedMap@9a96ec2d
      classNameBasedLock = null
      isParallelCapable = false
      EMPTY_PACKAGE_ARRAY = class java.lang.Package[0]
      methodTypeFromMethodDescriptorStringCache = null
      allowArraySyntax = false
      lazyClassLoaderInit = true
      specialLoaderInited = true
      internalAnonClassLoader = class java.lang.InternalAnonymousClassLoader@3a44312c
  serialVersionUID = -4019132629006900492
  $$$tc$$$ = class com.ibm.websphere.ras.TraceComponent@1702e07e
    strings[0] = "TraceComponent[com.ibm.ws.container.service.app.deploy.internal.EARApplicationInfoImpl,class com.ibm.ws.container.service.app.deploy.internal.EARApplicationInfoImpl,[container.service],com.ibm.ws.container.service.resources.Messages,null]"
  appName = "DefaultApplication"
  appMetaData = class com.ibm.ws.container.service.app.deploy.internal.ApplicationMetaDataImpl@ccc159f3
    j2eeName = class com.ibm.ws.container.service.metadata.internal.J2EENameImpl@e0d99e1e
      serialVersionUID = 7488184044073147667
      application = "DefaultApplication"
      module = null
      component = null
      string = "DefaultApplication"
      j2eeNameBytes = null
      $$$tc$$$ = class com.ibm.websphere.ras.TraceComponent@4d990445
    serialVersionUID = -7906531148367236579
    $$$tc$$$ = class com.ibm.websphere.ras.TraceComponent@9ffdd6f2
      strings[0] = "TraceComponent[com.ibm.ws.container.service.app.deploy.internal.ApplicationMetaDataImpl,class com.ibm.ws.container.service.app.deploy.internal.ApplicationMetaDataImpl,[container.service],com.ibm.ws.container.service.resources.Messages,null]"
    tc = class com.ibm.websphere.ras.TraceComponent@e6ba4a9f
      strings[0] = "TraceComponent[com.ibm.ws.runtime.metadata.MetaDataImpl,class com.ibm.ws.runtime.metadata.MetaDataImpl,[Runtime],null,null]"
    NUM_STATIC_SLOTS = 4
    ID_UNINITIALIZED = -1
    id = 0
    metaDataInterface = class java.lang.Class@e04f12e0
      serialVersionUID = 3206093459760846163
      AllPermissionsPD = class java.security.ProtectionDomain@398c0f52
      SYNTHETIC = 4096
      ANNOTATION = 8192
      ENUM = 16384
      MEMBER_INVALID_TYPE = -1
      EmptyParameters = class java.lang.Class[0]
      vmRef = 14027520
      protectionDomain = class org.eclipse.osgi.internal.loader.ModuleClassLoader$GenerationProtectionDomain@a7211501
      classNameString = null
      cachedToString = null
      fileNameString = null
      packageNameString = null
      annotationVars = null
      annotationVarsOffset = 40
      classValueMap = null
      enumVars = null
      enumVarsOffset = 48
      initializationLock = class java.lang.J9VMInternals$ClassInitializationLock@555c98c5
      methodHandleCache = null
      classRepoHolder = null
      annotationCache = null
      annotationCacheOffset = 64
      reflectCacheEnabled = true
      reflectCacheDebug = false
      reflectCacheAppOnly = false
      metadataCache = null
      metadataCacheOffset = 68
      cachedInterfaces = null
      cachedInterfacesOffset = 72
      cachedDeclaringClass = null
      cachedDeclaringClassOffset = 76
      cachedEnclosingClass = null
      cachedEnclosingClassOffset = 80
      cachedCheckInnerClassAttr = false
      EMPTY_ANNOTATION_ARRAY = interface java.lang.annotation.Annotation[0]
      implLookup = null
      unsafe = class sun.misc.Unsafe@15b1f51a
      copyMethod = class java.lang.reflect.Method@7d8b7d3c
      copyField = class java.lang.reflect.Method@3686856f
      copyConstructor = class java.lang.reflect.Method@d8109b8c
      methodParameterTypesField = class java.lang.reflect.Field@b5603ce3
      constructorParameterTypesField = class java.lang.reflect.Field@8521493b
      NoArgs = class java.lang.Object[0]
      reflectCache = null
      reflectCacheOffset = 84
    staticSlots = class java.lang.Object[4]
      Object[0] = class com.ibm.ws.injectionengine.osgi.internal.OSGiInjectionScopeData@89e65661
      Object[1] = class com.ibm.ws.ejbcontainer.osgi.internal.metadata.OSGiEJBApplicationMetaData@31a9017c
      Object[2] = class com.ibm.ws.container.service.naming.JavaColonNamespaceBindings@f1e6bd5f
      Object[3] = null
    dynamicSlots = class java.lang.Object[4]
      Object[0] = null
      Object[1] = class com.ibm.ws.cdi.impl.weld.WebSphereCDIDeploymentImpl@234480e
      Object[2] = "DefaultApplication"
      Object[3] = null
  appContainer = class com.ibm.ws.adaptable.module.internal.InterpretedContainerImpl@8011e158
    structureHelper = class com.ibm.ws.app.manager.ear.internal.EARStructureHelper@b89e94f5
      unknownRootInstance = class com.ibm.ws.app.manager.ear.internal.EARStructureHelper@55f02216
      rootPathTree = class java.util.HashMap@772a6d98
      serialVersionUID = 3683467489970445625
      $$$tc$$$ = class com.ibm.websphere.ras.TraceComponent@a482c441
    structureHelperSaysWeAreRoot = false
    structureHelperLocalRootDelegate = null
    serialVersionUID = -4533432718946765504
    $$$tc$$$ = class com.ibm.websphere.ras.TraceComponent@8c897fb8
      strings[0] = "TraceComponent[com.ibm.ws.adaptable.module.internal.InterpretedContainerImpl,class com.ibm.ws.adaptable.module.internal.InterpretedContainerImpl,[archive.adaptable],,null]"
    root = class com.ibm.ws.adaptable.module.internal.InterpretedContainerImpl@8011e158
    rootOverlay = class com.ibm.ws.artifact.overlay.internal.DirectoryBasedOverlayContainerImpl@5626a42b
      base = class com.ibm.ws.artifact.zip.internal.ZipFileContainer@366410cf
      maskSet = class java.util.HashSet@bcadc130
      cfHolder = class com.ibm.ws.artifact.overlay.internal.OverlayContainerFactoryImpl@5457fe13
      fileOverlayContainer = class com.ibm.ws.artifact.file.internal.FileContainer@c4702711
      overlayDirectory = class java.io.File@a4425276
      cacheDirForOverlay = class java.io.File@83e3ba07
      overlayNotifier = class com.ibm.ws.artifact.overlay.internal.DirectoryBasedOverlayNotifier@6926c90d
      enclosingContainer = null
      entryInEnclosingContainer = null
      nestedOverlays = class java.util.concurrent.ConcurrentHashMap@929fb6ec
      cacheStore = class com.ibm.ws.artifact.overlay.internal.OverlayCache@bc5b5fe5
      parentOverlay = null
      isPassThroughMode = true
      serialVersionUID = -1690795617118238166
      $$$tc$$$ = class com.ibm.websphere.ras.TraceComponent@6c41a6a2
    factoryHolder = class com.ibm.ws.adaptable.module.internal.AdaptableModuleFactoryImpl@794bc4b3
      adapterFactoryService = class com.ibm.ws.adaptable.module.internal.AdapterFactoryServiceImpl@72834351
      containerFactory = class com.ibm.ws.artifact.internal.ArtifactContainerFactoryService@ed409685
      overlayContainerFactory = class com.ibm.ws.artifact.overlay.internal.OverlayContainerFactoryImpl@5457fe13
      serialVersionUID = 4200251809856292987
      $$$tc$$$ = class com.ibm.websphere.ras.TraceComponent@787a4490
    delegate = class com.ibm.ws.artifact.overlay.internal.DirectoryBasedOverlayContainerImpl@5626a42b
    notifier = class com.ibm.ws.adaptable.module.internal.InterpretedNotifier@c0a34d7a
      isNotifierForFakeRoot = false
      delegateNotifier = class com.ibm.ws.adaptable.module.internal.NotifierImpl@4724495f
      pathInRealRoot = null
      listeners = class java.util.HashMap@44e4f4ad
      rootContainer = class com.ibm.ws.adaptable.module.internal.InterpretedContainerImpl@8011e158
      structureHelper = class com.ibm.ws.app.manager.ear.internal.EARStructureHelper@b89e94f5
      rootArtifactContainer = class com.ibm.ws.artifact.overlay.internal.DirectoryBasedOverlayContainerImpl@5626a42b
      serialVersionUID = 5670773220470153517
      $$$tc$$$ = class com.ibm.websphere.ras.TraceComponent@a3454d31
    serialVersionUID = -5621513278641113667
    $$$tc$$$ = class com.ibm.websphere.ras.TraceComponent@b75c57bf
      strings[0] = "TraceComponent[com.ibm.ws.adaptable.module.internal.AdaptableContainerImpl,class com.ibm.ws.adaptable.module.internal.AdaptableContainerImpl,[archive.adaptable],,null]"
  configHelper = class com.ibm.ws.app.manager.module.ApplicationNestedConfigHelper@5fa19a08
    appInfo = class com.ibm.ws.app.manager.internal.ApplicationInstallInfo@4116b9df
    serialVersionUID = -3174031738676705046
    $$$tc$$$ = class com.ibm.websphere.ras.TraceComponent@afd9bc02
      strings[0] = "TraceComponent[com.ibm.ws.app.manager.module.ApplicationNestedConfigHelper,class com.ibm.ws.app.manager.module.ApplicationNestedConfigHelper,[applications, app.manager],,null]"
  applicationInformation = class com.ibm.ws.app.manager.internal.ApplicationInstallInfo@4116b9df
    _config = class com.ibm.ws.app.manager.internal.ApplicationConfig@7d66a68
      tc = class com.ibm.websphere.ras.TraceComponent@4e8ae665
      _configPid = "com.ibm.ws.app.manager_20"
      _config = class com.ibm.ws.config.admin.ConfigurationDictionary@2d1b89bb
      _applicationManager = class com.ibm.ws.app.manager.ApplicationManager@249ee6e4
      _location = "DefaultApplication.ear"
      _type = "ear"
      _name = "DefaultApplication"
      _notificationBroadcasterSupport = class javax.management.NotificationBroadcasterSupport@910d7ac9
      ONE_TIME_JANDEX_MSGS_DISPLAYED = true
    _handlerInfo = class java.util.concurrent.atomic.AtomicReference@c5d1884b
      serialVersionUID = -1848883965231344442
      unsafe = class sun.misc.Unsafe@15b1f51a
      valueOffset = 8
      value = class com.ibm.ws.app.manager.ear.internal.EARDeployedAppInfo@2a3a3074
    _container = class java.util.concurrent.atomic.AtomicReference@5022f846
      serialVersionUID = -1848883965231344442
      unsafe = class sun.misc.Unsafe@15b1f51a
      valueOffset = 8
      value = class com.ibm.ws.adaptable.module.internal.InterpretedContainerImpl@8011e158
    _resolvedLocation = class java.util.concurrent.atomic.AtomicReference@8ddcd353
      serialVersionUID = -1848883965231344442
      unsafe = class sun.misc.Unsafe@15b1f51a
      valueOffset = 8
      value = class com.ibm.ws.kernel.service.location.internal.LocalFileResource@826b7f2c
    _handler = class com.ibm.ws.app.manager.ear.internal.EARApplicationHandlerImpl@be4d5e9b
      _tc = class com.ibm.websphere.ras.TraceComponent@643b2782
      _monitor = class com.ibm.ws.threading.internal.FutureMonitorImpl@e3d2811d
      deployedAppFactory = class com.ibm.ws.app.manager.ear.internal.EARDeployedAppInfoFactoryImpl@d77c015f
      isClient = false
      serialVersionUID = 7352189122923858117
    _ami = class java.util.concurrent.atomic.AtomicReference@b923483
      serialVersionUID = -1848883965231344442
      unsafe = class sun.misc.Unsafe@15b1f51a
      valueOffset = 8
      value = class com.ibm.wsspi.application.handler.DefaultApplicationMonitoringInformation@4ef8024
    _updateHandler = class com.ibm.ws.app.manager.internal.statemachine.ApplicationStateMachineImpl@d8175ef8
      _tc = class com.ibm.websphere.ras.TraceComponent@81d29697
      EMPTY_FUTURE_ARRAY = interface java.util.concurrent.Future[0]
      asmSequenceNumber = class java.util.concurrent.atomic.AtomicLong@3c6ea7ab
      _qscaCounter = class java.util.concurrent.atomic.AtomicInteger@bfea5cc8
      _failedThrowable = null
      _interruptibleLock = class com.ibm.ws.app.manager.internal.statemachine.ApplicationStateMachineImpl$2@eec7402e
      _interruptible = false
      _performingQueuedActions = true
      _queuedActions = class java.util.concurrent.ConcurrentLinkedQueue@1120e399
      _callbackState = class java.util.concurrent.atomic.AtomicReference@c01f358f
      blockAppStartingFutures = class java.util.Collections$SetFromMap@2b7638fd
      waitingForAppHandlerFuture = class java.util.concurrent.atomic.AtomicReference@12ff5ada
      waitingForExplicitStartFuture = class java.util.concurrent.atomic.AtomicReference@aaadfb68
      completionListener = class java.util.concurrent.atomic.AtomicReference@272243ab
      _notifyAppStopped = class java.util.concurrent.ConcurrentLinkedQueue@14b04067
      _notifyAppStarting = class java.util.concurrent.ConcurrentLinkedQueue@3809ea8
      _notifyAppInstallCalled = class java.util.concurrent.ConcurrentLinkedQueue@9d55798d
      _notifyAppStarted = class java.util.concurrent.ConcurrentLinkedQueue@f8c5b593
      _notifyAppRemoved = class java.util.concurrent.ConcurrentLinkedQueue@e4d390e1
      _stateLock = class com.ibm.ws.app.manager.internal.statemachine.ApplicationStateMachineImpl$3@15c51727
      _internalState = class java.util.concurrent.atomic.AtomicReference@9d0a00c7
      _currentAction = class java.util.concurrent.atomic.AtomicReference@6a068f30
      _rfa = class java.util.concurrent.atomic.AtomicReference@c5f39fc8
      _appInstallInfo = class java.util.concurrent.atomic.AtomicReference@3f68e0e3
      _update = class java.util.concurrent.atomic.AtomicBoolean@e0573c5f
      _appConfig = class java.util.concurrent.atomic.AtomicReference@5df8e188
      _nextAppConfig = class java.util.concurrent.atomic.AtomicReference@9b225685
      _appContainer = class java.util.concurrent.atomic.AtomicReference@d7707008
      _resolvedLocation = class java.util.concurrent.atomic.AtomicReference@bf226990
      _handler = class java.util.concurrent.atomic.AtomicReference@792e3fa5
      _asmSeqNo = 0
      _ctx = class org.eclipse.osgi.internal.framework.BundleContextImpl@cf088a03
      _locAdmin = class com.ibm.ws.kernel.service.location.internal.WsLocationAdminImpl@b395b299
      _futureMonitor = class com.ibm.ws.threading.internal.FutureMonitorImpl@e3d2811d
      _artifactFactory = class com.ibm.ws.artifact.internal.ArtifactContainerFactoryService@ed409685
      _moduleFactory = class com.ibm.ws.adaptable.module.internal.AdaptableModuleFactoryImpl@794bc4b3
      _executorService = class com.ibm.ws.threading.internal.ExecutorServiceImpl@2befacac
      _scheduledExecutorService = class com.ibm.ws.threading.internal.ScheduledExecutorImpl@449fb596
      _asmHelper = class com.ibm.ws.app.manager.internal.ApplicationConfigurator$NamedApplication@cbf378ab
      _appMonitor = class com.ibm.ws.app.manager.internal.monitor.ApplicationMonitor@e2fe203d
      enterStateCalled = class java.util.concurrent.atomic.AtomicBoolean@b15f4375
      serialVersionUID = -1399093980790866556
      serialVersionUID = 5501066335104962649
      $$$tc$$$ = class com.ibm.websphere.ras.TraceComponent@1a7807a
    serialVersionUID = 2630639237123415755
    $$$tc$$$ = class com.ibm.websphere.ras.TraceComponent@5071adf6
      strings[0] = "TraceComponent[com.ibm.ws.app.manager.internal.ApplicationInstallInfo,class com.ibm.ws.app.manager.internal.ApplicationInstallInfo,[applications, app.manager],com.ibm.ws.app.manager.internal.resources.AppManagerMessages,null]"
  serialVersionUID = -505303337196743781
  $$$tc$$$ = class com.ibm.websphere.ras.TraceComponent@7d9289a9
    strings[0] = "TraceComponent[com.ibm.ws.container.service.app.deploy.internal.ApplicationInfoImpl,class com.ibm.ws.container.service.app.deploy.internal.ApplicationInfoImpl,[container.service],com.ibm.ws.container.service.resources.Messages,null]"

